<?xml version="1.0" encoding="UTF-8"?>
<!-- Generated by org.testng.reporters.JUnitReportReporter -->
<testsuite hostname="DESKTOP-OF9I7HC" failures="0" tests="3" name="com.example.AppTest" time="0.182" errors="0" timestamp="2024-07-31T15:50:24 CEST" skipped="0">
  <testcase classname="com.example.AppTest" name="testCapitalize" time="0.009"/>
  <system-out/>
  <testcase classname="com.example.AppTest" name="testApp" time="0.000"/>
  <system-out/>
  <testcase classname="com.example.AppTest" name="testConvert" time="0.173"/>
  <system-out/>
</testsuite> <!-- com.example.AppTest -->
